# JRE version: OpenJDK Runtime Environment (8.0_202-b03) (build 1.8.0_202-release-1483-b03)
# Java VM: OpenJDK 64-Bit Server VM (25.202-b03 mixed mode windows-amd64 compressed oops)
Heap:
 PSYoungGen      total 264704K, used 122577K [0x00000000e0000000, 0x00000000f4b80000, 0x0000000100000000)
  eden space 219648K, 36% used [0x00000000e0000000,0x00000000e4e81a88,0x00000000ed680000)
  from space 45056K, 93% used [0x00000000f1f80000,0x00000000f48b2ae8,0x00000000f4b80000)
  to   space 59904K, 0% used [0x00000000ed680000,0x00000000ed680000,0x00000000f1100000)
 ParOldGen       total 194048K, used 100402K [0x00000000a0000000, 0x00000000abd80000, 0x00000000e0000000)
  object space 194048K, 51% used [0x00000000a0000000,0x00000000a620c9b8,0x00000000abd80000)
 Metaspace       used 72093K, capacity 74422K, committed 74496K, reserved 1114112K
  class space    used 9419K, capacity 9934K, committed 9984K, reserved 1048576K
GC Heap History (10 events):
Event: 61.967 GC heap before
{Heap before GC invocations=20 (full 3):
 PSYoungGen      total 178176K, used 164352K [0x00000000e0000000, 0x00000000ec300000, 0x0000000100000000)
  eden space 164352K, 100% used [0x00000000e0000000,0x00000000ea080000,0x00000000ea080000)
  from space 13824K, 0% used [0x00000000eb580000,0x00000000eb580000,0x00000000ec300000)
  to   space 17408K, 0% used [0x00000000ea100000,0x00000000ea100000,0x00000000eb200000)
 ParOldGen       total 92672K, used 36904K [0x00000000a0000000, 0x00000000a5a80000, 0x00000000e0000000)
  object space 92672K, 39% used [0x00000000a0000000,0x00000000a240a370,0x00000000a5a80000)
 Metaspace       used 61967K, capacity 63748K, committed 64000K, reserved 1103872K
  class space    used 8247K, capacity 8685K, committed 8704K, reserved 1048576K
Event: 62.121 GC heap after
Heap after GC invocations=20 (full 3):
 PSYoungGen      total 182272K, used 17377K [0x00000000e0000000, 0x00000000ef600000, 0x0000000100000000)
  eden space 164864K, 0% used [0x00000000e0000000,0x00000000e0000000,0x00000000ea100000)
  from space 17408K, 99% used [0x00000000ea100000,0x00000000eb1f84d8,0x00000000eb200000)
  to   space 29696K, 0% used [0x00000000ed900000,0x00000000ed900000,0x00000000ef600000)
 ParOldGen       total 92672K, used 62441K [0x00000000a0000000, 0x00000000a5a80000, 0x00000000e0000000)
  object space 92672K, 67% used [0x00000000a0000000,0x00000000a3cfa4f0,0x00000000a5a80000)
 Metaspace       used 61967K, capacity 63748K, committed 64000K, reserved 1103872K
  class space    used 8247K, capacity 8685K, committed 8704K, reserved 1048576K
}
Event: 79.965 GC heap before
{Heap before GC invocations=21 (full 3):
 PSYoungGen      total 182272K, used 182241K [0x00000000e0000000, 0x00000000ef600000, 0x0000000100000000)
  eden space 164864K, 100% used [0x00000000e0000000,0x00000000ea100000,0x00000000ea100000)
  from space 17408K, 99% used [0x00000000ea100000,0x00000000eb1f84d8,0x00000000eb200000)
  to   space 29696K, 0% used [0x00000000ed900000,0x00000000ed900000,0x00000000ef600000)
 ParOldGen       total 92672K, used 62441K [0x00000000a0000000, 0x00000000a5a80000, 0x00000000e0000000)
  object space 92672K, 67% used [0x00000000a0000000,0x00000000a3cfa4f0,0x00000000a5a80000)
 Metaspace       used 63920K, capacity 65668K, committed 65920K, reserved 1105920K
  class space    used 8366K, capacity 8813K, committed 8832K, reserved 1048576K
Event: 80.021 GC heap after
Heap after GC invocations=21 (full 3):
 PSYoungGen      total 219136K, used 25399K [0x00000000e0000000, 0x00000000ef980000, 0x0000000100000000)
  eden space 189440K, 0% used [0x00000000e0000000,0x00000000e0000000,0x00000000eb900000)
  from space 29696K, 85% used [0x00000000ed900000,0x00000000ef1cde48,0x00000000ef600000)
  to   space 32768K, 0% used [0x00000000eb900000,0x00000000eb900000,0x00000000ed900000)
 ParOldGen       total 92672K, used 62449K [0x00000000a0000000, 0x00000000a5a80000, 0x00000000e0000000)
  object space 92672K, 67% used [0x00000000a0000000,0x00000000a3cfc4f0,0x00000000a5a80000)
 Metaspace       used 63920K, capacity 65668K, committed 65920K, reserved 1105920K
  class space    used 8366K, capacity 8813K, committed 8832K, reserved 1048576K
}
Event: 86.340 GC heap before
{Heap before GC invocations=22 (full 3):
 PSYoungGen      total 219136K, used 214839K [0x00000000e0000000, 0x00000000ef980000, 0x0000000100000000)
  eden space 189440K, 100% used [0x00000000e0000000,0x00000000eb900000,0x00000000eb900000)
  from space 29696K, 85% used [0x00000000ed900000,0x00000000ef1cde48,0x00000000ef600000)
  to   space 32768K, 0% used [0x00000000eb900000,0x00000000eb900000,0x00000000ed900000)
 ParOldGen       total 92672K, used 62449K [0x00000000a0000000, 0x00000000a5a80000, 0x00000000e0000000)
  object space 92672K, 67% used [0x00000000a0000000,0x00000000a3cfc4f0,0x00000000a5a80000)
 Metaspace       used 70778K, capacity 73030K, committed 73344K, reserved 1112064K
  class space    used 9305K, capacity 9776K, committed 9856K, reserved 1048576K
Event: 86.869 GC heap after
Heap after GC invocations=22 (full 3):
 PSYoungGen      total 222208K, used 32762K [0x00000000e0000000, 0x00000000f5500000, 0x0000000100000000)
  eden space 189440K, 0% used [0x00000000e0000000,0x00000000e0000000,0x00000000eb900000)
  from space 32768K, 99% used [0x00000000eb900000,0x00000000ed8fe858,0x00000000ed900000)
  to   space 54784K, 0% used [0x00000000f1f80000,0x00000000f1f80000,0x00000000f5500000)
 ParOldGen       total 107520K, used 107036K [0x00000000a0000000, 0x00000000a6900000, 0x00000000e0000000)
  object space 107520K, 99% used [0x00000000a0000000,0x00000000a68872d0,0x00000000a6900000)
 Metaspace       used 70778K, capacity 73030K, committed 73344K, reserved 1112064K
  class space    used 9305K, capacity 9776K, committed 9856K, reserved 1048576K
}
Event: 86.869 GC heap before
{Heap before GC invocations=23 (full 4):
 PSYoungGen      total 222208K, used 32762K [0x00000000e0000000, 0x00000000f5500000, 0x0000000100000000)
  eden space 189440K, 0% used [0x00000000e0000000,0x00000000e0000000,0x00000000eb900000)
  from space 32768K, 99% used [0x00000000eb900000,0x00000000ed8fe858,0x00000000ed900000)
  to   space 54784K, 0% used [0x00000000f1f80000,0x00000000f1f80000,0x00000000f5500000)
 ParOldGen       total 107520K, used 107036K [0x00000000a0000000, 0x00000000a6900000, 0x00000000e0000000)
  object space 107520K, 99% used [0x00000000a0000000,0x00000000a68872d0,0x00000000a6900000)
 Metaspace       used 70778K, capacity 73030K, committed 73344K, reserved 1112064K
  class space    used 9305K, capacity 9776K, committed 9856K, reserved 1048576K
Event: 89.954 GC heap after
Heap after GC invocations=23 (full 4):
 PSYoungGen      total 222208K, used 0K [0x00000000e0000000, 0x00000000f5500000, 0x0000000100000000)
  eden space 189440K, 0% used [0x00000000e0000000,0x00000000e0000000,0x00000000eb900000)
  from space 32768K, 0% used [0x00000000eb900000,0x00000000eb900000,0x00000000ed900000)
  to   space 54784K, 0% used [0x00000000f1f80000,0x00000000f1f80000,0x00000000f5500000)
 ParOldGen       total 194048K, used 100394K [0x00000000a0000000, 0x00000000abd80000, 0x00000000e0000000)
  object space 194048K, 51% used [0x00000000a0000000,0x00000000a620a9b8,0x00000000abd80000)
 Metaspace       used 70773K, capacity 73016K, committed 73344K, reserved 1112064K
  class space    used 9303K, capacity 9773K, committed 9856K, reserved 1048576K
}
Event: 99.084 GC heap before
{Heap before GC invocations=24 (full 4):
 PSYoungGen      total 222208K, used 182478K [0x00000000e0000000, 0x00000000f5500000, 0x0000000100000000)
  eden space 189440K, 96% used [0x00000000e0000000,0x00000000eb233bb0,0x00000000eb900000)
  from space 32768K, 0% used [0x00000000eb900000,0x00000000eb900000,0x00000000ed900000)
  to   space 54784K, 0% used [0x00000000f1f80000,0x00000000f1f80000,0x00000000f5500000)
 ParOldGen       total 194048K, used 100394K [0x00000000a0000000, 0x00000000abd80000, 0x00000000e0000000)
  object space 194048K, 51% used [0x00000000a0000000,0x00000000a620a9b8,0x00000000abd80000)
 Metaspace       used 71034K, capacity 73256K, committed 73344K, reserved 1112064K
  class space    used 9308K, capacity 9777K, committed 9856K, reserved 1048576K
Event: 99.169 GC heap after
Heap after GC invocations=24 (full 4):
 PSYoungGen      total 264704K, used 42186K [0x00000000e0000000, 0x00000000f4b80000, 0x0000000100000000)
  eden space 219648K, 0% used [0x00000000e0000000,0x00000000e0000000,0x00000000ed680000)
  from space 45056K, 93% used [0x00000000f1f80000,0x00000000f48b2ae8,0x00000000f4b80000)
  to   space 59904K, 0% used [0x00000000ed680000,0x00000000ed680000,0x00000000f1100000)
 ParOldGen       total 194048K, used 100402K [0x00000000a0000000, 0x00000000abd80000, 0x00000000e0000000)
  object space 194048K, 51% used [0x00000000a0000000,0x00000000a620c9b8,0x00000000abd80000)
 Metaspace       used 71034K, capacity 73256K, committed 73344K, reserved 1112064K
  class space    used 9308K, capacity 9777K, committed 9856K, reserved 1048576K
}

